{
  "stats": {
    "suites": 2,
    "tests": 2,
    "passes": 2,
    "pending": 0,
    "failures": 0,
    "start": "2022-07-22T14:40:19.730Z",
    "end": "2022-07-22T14:40:19.735Z",
    "duration": 5,
    "testsRegistered": 2,
    "passPercent": 100,
    "pendingPercent": 0,
    "other": 0,
    "hasOther": false,
    "skipped": 0,
    "hasSkipped": false
  },
  "results": [
    {
      "uuid": "99c74c80-07a1-4173-9484-895effc34b01",
      "title": "",
      "fullFile": "",
      "file": "",
      "beforeHooks": [],
      "afterHooks": [],
      "tests": [],
      "suites": [
        {
          "uuid": "247ce19e-20ec-4195-b259-84334a5ce045",
          "title": "Watchdog",
          "fullFile": "/home/runner/work/ble2mqtt/ble2mqtt/test/lib/index.js",
          "file": "/test/lib/index.js",
          "beforeHooks": [],
          "afterHooks": [],
          "tests": [
            {
              "title": "should load without any errors",
              "fullTitle": "Watchdog should load without any errors",
              "timedOut": false,
              "duration": 0,
              "state": "passed",
              "speed": "fast",
              "pass": true,
              "fail": false,
              "pending": false,
              "context": null,
              "code": "assert.ok(SmartWatchdog);",
              "err": {},
              "uuid": "d1222d46-2de2-4b6a-a924-d1c630b2cb2b",
              "parentUUID": "247ce19e-20ec-4195-b259-84334a5ce045",
              "isHook": false,
              "skipped": false
            }
          ],
          "suites": [],
          "passes": [
            "d1222d46-2de2-4b6a-a924-d1c630b2cb2b"
          ],
          "failures": [],
          "pending": [],
          "skipped": [],
          "duration": 0,
          "root": false,
          "rootEmpty": false,
          "_timeout": 2000
        },
        {
          "uuid": "bd4e2672-bd39-4d95-85a6-6331bedeec49",
          "title": "Modules",
          "fullFile": "/home/runner/work/ble2mqtt/ble2mqtt/test/lib/index.js",
          "file": "/test/lib/index.js",
          "beforeHooks": [],
          "afterHooks": [],
          "tests": [
            {
              "title": "should be there",
              "fullTitle": "Modules should be there",
              "timedOut": false,
              "duration": 1,
              "state": "passed",
              "speed": "fast",
              "pass": true,
              "fail": false,
              "pending": false,
              "context": null,
              "code": "assert.ok(modules.length > 0);",
              "err": {},
              "uuid": "be081176-e15d-4559-a3a3-b7a1f25e65e1",
              "parentUUID": "bd4e2672-bd39-4d95-85a6-6331bedeec49",
              "isHook": false,
              "skipped": false
            }
          ],
          "suites": [],
          "passes": [
            "be081176-e15d-4559-a3a3-b7a1f25e65e1"
          ],
          "failures": [],
          "pending": [],
          "skipped": [],
          "duration": 1,
          "root": false,
          "rootEmpty": false,
          "_timeout": 2000
        }
      ],
      "passes": [],
      "failures": [],
      "pending": [],
      "skipped": [],
      "duration": 0,
      "root": true,
      "rootEmpty": true,
      "_timeout": 2000
    }
  ],
  "meta": {
    "mocha": {
      "version": "10.0.0"
    },
    "mochawesome": {
      "options": {
        "quiet": false,
        "reportFilename": "mochawesome",
        "saveHtml": true,
        "saveJson": true,
        "consoleReporter": "spec",
        "useInlineDiffs": false,
        "code": true
      },
      "version": "7.1.3"
    },
    "marge": {
      "options": null,
      "version": "6.2.0"
    }
  }
}