{
  "stats": {
    "suites": 2,
    "tests": 2,
    "passes": 2,
    "pending": 0,
    "failures": 0,
    "start": "2022-08-24T12:39:36.901Z",
    "end": "2022-08-24T12:39:36.905Z",
    "duration": 4,
    "testsRegistered": 2,
    "passPercent": 100,
    "pendingPercent": 0,
    "other": 0,
    "hasOther": false,
    "skipped": 0,
    "hasSkipped": false
  },
  "results": [
    {
      "uuid": "27f28e26-ea5d-426c-825a-ad2b7b1cb367",
      "title": "",
      "fullFile": "",
      "file": "",
      "beforeHooks": [],
      "afterHooks": [],
      "tests": [],
      "suites": [
        {
          "uuid": "99af2cb0-f2e4-432f-9b9b-558080e449e9",
          "title": "Watchdog",
          "fullFile": "/home/runner/work/ble2mqtt/ble2mqtt/test/lib/index.js",
          "file": "/test/lib/index.js",
          "beforeHooks": [],
          "afterHooks": [],
          "tests": [
            {
              "title": "should load without any errors",
              "fullTitle": "Watchdog should load without any errors",
              "timedOut": false,
              "duration": 1,
              "state": "passed",
              "speed": "fast",
              "pass": true,
              "fail": false,
              "pending": false,
              "context": null,
              "code": "assert.ok(SmartWatchdog);",
              "err": {},
              "uuid": "7aff138b-1843-45fc-b4f6-b784b43524ec",
              "parentUUID": "99af2cb0-f2e4-432f-9b9b-558080e449e9",
              "isHook": false,
              "skipped": false
            }
          ],
          "suites": [],
          "passes": [
            "7aff138b-1843-45fc-b4f6-b784b43524ec"
          ],
          "failures": [],
          "pending": [],
          "skipped": [],
          "duration": 1,
          "root": false,
          "rootEmpty": false,
          "_timeout": 2000
        },
        {
          "uuid": "616bed5e-4f8a-4da6-9e37-5487e7867860",
          "title": "Modules",
          "fullFile": "/home/runner/work/ble2mqtt/ble2mqtt/test/lib/index.js",
          "file": "/test/lib/index.js",
          "beforeHooks": [],
          "afterHooks": [],
          "tests": [
            {
              "title": "should be there",
              "fullTitle": "Modules should be there",
              "timedOut": false,
              "duration": 0,
              "state": "passed",
              "speed": "fast",
              "pass": true,
              "fail": false,
              "pending": false,
              "context": null,
              "code": "assert.ok(modules.length > 0);",
              "err": {},
              "uuid": "6fe324da-d0ec-4b92-99cf-ca79b130e54c",
              "parentUUID": "616bed5e-4f8a-4da6-9e37-5487e7867860",
              "isHook": false,
              "skipped": false
            }
          ],
          "suites": [],
          "passes": [
            "6fe324da-d0ec-4b92-99cf-ca79b130e54c"
          ],
          "failures": [],
          "pending": [],
          "skipped": [],
          "duration": 0,
          "root": false,
          "rootEmpty": false,
          "_timeout": 2000
        }
      ],
      "passes": [],
      "failures": [],
      "pending": [],
      "skipped": [],
      "duration": 0,
      "root": true,
      "rootEmpty": true,
      "_timeout": 2000
    }
  ],
  "meta": {
    "mocha": {
      "version": "10.0.0"
    },
    "mochawesome": {
      "options": {
        "quiet": false,
        "reportFilename": "mochawesome",
        "saveHtml": true,
        "saveJson": true,
        "consoleReporter": "spec",
        "useInlineDiffs": false,
        "code": true
      },
      "version": "7.1.3"
    },
    "marge": {
      "options": null,
      "version": "6.2.0"
    }
  }
}