{
  "stats": {
    "suites": 2,
    "tests": 2,
    "passes": 2,
    "pending": 0,
    "failures": 0,
    "start": "2021-12-13T22:48:35.467Z",
    "end": "2021-12-13T22:48:35.474Z",
    "duration": 7,
    "testsRegistered": 2,
    "passPercent": 100,
    "pendingPercent": 0,
    "other": 0,
    "hasOther": false,
    "skipped": 0,
    "hasSkipped": false
  },
  "results": [
    {
      "uuid": "b2e36e39-749a-4a1b-b5a7-3621fbead560",
      "title": "",
      "fullFile": "",
      "file": "",
      "beforeHooks": [],
      "afterHooks": [],
      "tests": [],
      "suites": [
        {
          "uuid": "47ecd9c8-b515-4376-8787-8e9e83c14c6f",
          "title": "Watchdog",
          "fullFile": "/home/runner/work/ble2mqtt/ble2mqtt/test/lib/index.js",
          "file": "/test/lib/index.js",
          "beforeHooks": [],
          "afterHooks": [],
          "tests": [
            {
              "title": "should load without any errors",
              "fullTitle": "Watchdog should load without any errors",
              "timedOut": false,
              "duration": 0,
              "state": "passed",
              "speed": "fast",
              "pass": true,
              "fail": false,
              "pending": false,
              "context": null,
              "code": "assert.ok(SmartWatchdog);",
              "err": {},
              "uuid": "bbfcbeaa-c848-401c-944e-2e5111934c65",
              "parentUUID": "47ecd9c8-b515-4376-8787-8e9e83c14c6f",
              "isHook": false,
              "skipped": false
            }
          ],
          "suites": [],
          "passes": [
            "bbfcbeaa-c848-401c-944e-2e5111934c65"
          ],
          "failures": [],
          "pending": [],
          "skipped": [],
          "duration": 0,
          "root": false,
          "rootEmpty": false,
          "_timeout": 2000
        },
        {
          "uuid": "c4592f48-77c7-4dd5-9a9f-cddeb61bf837",
          "title": "Modules",
          "fullFile": "/home/runner/work/ble2mqtt/ble2mqtt/test/lib/index.js",
          "file": "/test/lib/index.js",
          "beforeHooks": [],
          "afterHooks": [],
          "tests": [
            {
              "title": "should be there",
              "fullTitle": "Modules should be there",
              "timedOut": false,
              "duration": 0,
              "state": "passed",
              "speed": "fast",
              "pass": true,
              "fail": false,
              "pending": false,
              "context": null,
              "code": "assert.ok(modules.length > 0);",
              "err": {},
              "uuid": "856757a5-aaa7-4f53-a74e-21356302ec75",
              "parentUUID": "c4592f48-77c7-4dd5-9a9f-cddeb61bf837",
              "isHook": false,
              "skipped": false
            }
          ],
          "suites": [],
          "passes": [
            "856757a5-aaa7-4f53-a74e-21356302ec75"
          ],
          "failures": [],
          "pending": [],
          "skipped": [],
          "duration": 0,
          "root": false,
          "rootEmpty": false,
          "_timeout": 2000
        }
      ],
      "passes": [],
      "failures": [],
      "pending": [],
      "skipped": [],
      "duration": 0,
      "root": true,
      "rootEmpty": true,
      "_timeout": 2000
    }
  ],
  "meta": {
    "mocha": {
      "version": "9.1.3"
    },
    "mochawesome": {
      "options": {
        "quiet": false,
        "reportFilename": "mochawesome",
        "saveHtml": true,
        "saveJson": true,
        "consoleReporter": "spec",
        "useInlineDiffs": false,
        "code": true
      },
      "version": "7.0.1"
    },
    "marge": {
      "options": null,
      "version": "6.0.1"
    }
  }
}