{
  "stats": {
    "suites": 2,
    "tests": 2,
    "passes": 2,
    "pending": 0,
    "failures": 0,
    "start": "2022-06-21T10:17:48.095Z",
    "end": "2022-06-21T10:17:48.099Z",
    "duration": 4,
    "testsRegistered": 2,
    "passPercent": 100,
    "pendingPercent": 0,
    "other": 0,
    "hasOther": false,
    "skipped": 0,
    "hasSkipped": false
  },
  "results": [
    {
      "uuid": "72dc7c96-5ad4-4df2-94e4-7db04730bf4f",
      "title": "",
      "fullFile": "",
      "file": "",
      "beforeHooks": [],
      "afterHooks": [],
      "tests": [],
      "suites": [
        {
          "uuid": "f4866652-592d-40da-b1a0-0d4596f164dc",
          "title": "Watchdog",
          "fullFile": "/home/runner/work/ble2mqtt/ble2mqtt/test/lib/index.js",
          "file": "/test/lib/index.js",
          "beforeHooks": [],
          "afterHooks": [],
          "tests": [
            {
              "title": "should load without any errors",
              "fullTitle": "Watchdog should load without any errors",
              "timedOut": false,
              "duration": 0,
              "state": "passed",
              "speed": "fast",
              "pass": true,
              "fail": false,
              "pending": false,
              "context": null,
              "code": "assert.ok(SmartWatchdog);",
              "err": {},
              "uuid": "d6cb6800-8255-4f8b-8597-1f1d30290b43",
              "parentUUID": "f4866652-592d-40da-b1a0-0d4596f164dc",
              "isHook": false,
              "skipped": false
            }
          ],
          "suites": [],
          "passes": [
            "d6cb6800-8255-4f8b-8597-1f1d30290b43"
          ],
          "failures": [],
          "pending": [],
          "skipped": [],
          "duration": 0,
          "root": false,
          "rootEmpty": false,
          "_timeout": 2000
        },
        {
          "uuid": "331b1634-e198-4d3a-9367-5cba7528b181",
          "title": "Modules",
          "fullFile": "/home/runner/work/ble2mqtt/ble2mqtt/test/lib/index.js",
          "file": "/test/lib/index.js",
          "beforeHooks": [],
          "afterHooks": [],
          "tests": [
            {
              "title": "should be there",
              "fullTitle": "Modules should be there",
              "timedOut": false,
              "duration": 0,
              "state": "passed",
              "speed": "fast",
              "pass": true,
              "fail": false,
              "pending": false,
              "context": null,
              "code": "assert.ok(modules.length > 0);",
              "err": {},
              "uuid": "2c317b56-eb41-4e15-ad0a-f1f0561f5045",
              "parentUUID": "331b1634-e198-4d3a-9367-5cba7528b181",
              "isHook": false,
              "skipped": false
            }
          ],
          "suites": [],
          "passes": [
            "2c317b56-eb41-4e15-ad0a-f1f0561f5045"
          ],
          "failures": [],
          "pending": [],
          "skipped": [],
          "duration": 0,
          "root": false,
          "rootEmpty": false,
          "_timeout": 2000
        }
      ],
      "passes": [],
      "failures": [],
      "pending": [],
      "skipped": [],
      "duration": 0,
      "root": true,
      "rootEmpty": true,
      "_timeout": 2000
    }
  ],
  "meta": {
    "mocha": {
      "version": "10.0.0"
    },
    "mochawesome": {
      "options": {
        "quiet": false,
        "reportFilename": "mochawesome",
        "saveHtml": true,
        "saveJson": true,
        "consoleReporter": "spec",
        "useInlineDiffs": false,
        "code": true
      },
      "version": "7.1.3"
    },
    "marge": {
      "options": null,
      "version": "6.2.0"
    }
  }
}